Build started 9/13/2016 1:48:36 PM.
     1>Project "C:\Users\Cavaughn\Documents\Visual Studio 2013\Projects\10405 Longest Common Subsequence\10405 Longest Common Subsequence\10405 Longest Common Subsequence.vcxproj" on node 2 (Build target(s)).
     1>ClCompile:
         C:\Program Files (x86)\Microsoft Visual Studio 12.0\VC\bin\CL.exe /c /ZI /nologo /W3 /WX- /sdl /Od /Oy- /D WIN32 /D _DEBUG /D _CONSOLE /D _LIB /D _UNICODE /D UNICODE /Gm /EHsc /RTC1 /MDd /GS /fp:precise /Zc:wchar_t /Zc:forScope /Fo"Debug\\" /Fd"Debug\vc120.pdb" /Gd /TP /analyze- /errorReport:prompt 10405LongestCommonSubsequence.cpp
         10405LongestCommonSubsequence.cpp
     1>c:\users\cavaughn\documents\visual studio 2013\projects\10405 longest common subsequence\10405 longest common subsequence\10405longestcommonsubsequence.cpp(30): warning C4018: '<' : signed/unsigned mismatch
     1>c:\users\cavaughn\documents\visual studio 2013\projects\10405 longest common subsequence\10405 longest common subsequence\10405longestcommonsubsequence.cpp(42): warning C4018: '<' : signed/unsigned mismatch
     1>c:\users\cavaughn\documents\visual studio 2013\projects\10405 longest common subsequence\10405 longest common subsequence\10405longestcommonsubsequence.cpp(48): warning C4018: '<' : signed/unsigned mismatch
     1>c:\users\cavaughn\documents\visual studio 2013\projects\10405 longest common subsequence\10405 longest common subsequence\10405longestcommonsubsequence.cpp(56): warning C4018: '<' : signed/unsigned mismatch
     1>c:\users\cavaughn\documents\visual studio 2013\projects\10405 longest common subsequence\10405 longest common subsequence\10405longestcommonsubsequence.cpp(61): warning C4018: '<' : signed/unsigned mismatch
     1>c:\users\cavaughn\documents\visual studio 2013\projects\10405 longest common subsequence\10405 longest common subsequence\10405longestcommonsubsequence.cpp(74): warning C4018: '<' : signed/unsigned mismatch
     1>c:\users\cavaughn\documents\visual studio 2013\projects\10405 longest common subsequence\10405 longest common subsequence\10405longestcommonsubsequence.cpp(79): warning C4018: '<' : signed/unsigned mismatch
     1>c:\users\cavaughn\documents\visual studio 2013\projects\10405 longest common subsequence\10405 longest common subsequence\10405longestcommonsubsequence.cpp(96): warning C4018: '<' : signed/unsigned mismatch
     1>c:\users\cavaughn\documents\visual studio 2013\projects\10405 longest common subsequence\10405 longest common subsequence\10405longestcommonsubsequence.cpp(98): warning C4018: '<' : signed/unsigned mismatch
       Link:
         C:\Program Files (x86)\Microsoft Visual Studio 12.0\VC\bin\link.exe /ERRORREPORT:PROMPT /OUT:"C:\Users\Cavaughn\Documents\Visual Studio 2013\Projects\10405 Longest Common Subsequence\Debug\10405 Longest Common Subsequence.exe" /INCREMENTAL /NOLOGO kernel32.lib user32.lib gdi32.lib winspool.lib comdlg32.lib advapi32.lib shell32.lib ole32.lib oleaut32.lib uuid.lib odbc32.lib odbccp32.lib /MANIFEST /MANIFESTUAC:"level='asInvoker' uiAccess='false'" /manifest:embed /DEBUG /PDB:"C:\Users\Cavaughn\Documents\Visual Studio 2013\Projects\10405 Longest Common Subsequence\Debug\10405 Longest Common Subsequence.pdb" /SUBSYSTEM:CONSOLE /TLBID:1 /DYNAMICBASE /NXCOMPAT /IMPLIB:"C:\Users\Cavaughn\Documents\Visual Studio 2013\Projects\10405 Longest Common Subsequence\Debug\10405 Longest Common Subsequence.lib" /MACHINE:X86 Debug\10405LongestCommonSubsequence.obj
         10405 Longest Common Subsequence.vcxproj -> C:\Users\Cavaughn\Documents\Visual Studio 2013\Projects\10405 Longest Common Subsequence\Debug\10405 Longest Common Subsequence.exe
     1>Done Building Project "C:\Users\Cavaughn\Documents\Visual Studio 2013\Projects\10405 Longest Common Subsequence\10405 Longest Common Subsequence\10405 Longest Common Subsequence.vcxproj" (Build target(s)).

Build succeeded.

Time Elapsed 00:00:00.85
